This is pdfTeX, Version 3.1415926-1.40.10 (TeX Live 2009/Debian) (format=latex 2013.8.14)  25 OCT 2014 01:15
entering extended mode
 %&-line parsing enabled.
**novel
(./novel.tex
LaTeX2e <2009/09/24>
Babel <v3.8l> and hyphenation patterns for english, usenglishmax, dumylang, noh
yphenation, loaded.
(/usr/share/texmf-texlive/tex/latex/base/book.cls
Document Class: book 2007/10/19 v1.4h Standard LaTeX document class
(/usr/share/texmf-texlive/tex/latex/base/bk10.clo
File: bk10.clo 2007/10/19 v1.4h Standard LaTeX file (size option)
)
\c@part=\count79
\c@chapter=\count80
\c@section=\count81
\c@subsection=\count82
\c@subsubsection=\count83
\c@paragraph=\count84
\c@subparagraph=\count85
\c@figure=\count86
\c@table=\count87
\abovecaptionskip=\skip41
\belowcaptionskip=\skip42
\bibindent=\dimen102
)
(/usr/share/texmf-texlive/tex/latex/graphics/graphicx.sty
Package: graphicx 1999/02/16 v1.0f Enhanced LaTeX Graphics (DPC,SPQR)

(/usr/share/texmf-texlive/tex/latex/graphics/keyval.sty
Package: keyval 1999/03/16 v1.13 key=value parser (DPC)
\KV@toks@=\toks14
)
(/usr/share/texmf-texlive/tex/latex/graphics/graphics.sty
Package: graphics 2009/02/05 v1.0o Standard LaTeX Graphics (DPC,SPQR)

(/usr/share/texmf-texlive/tex/latex/graphics/trig.sty
Package: trig 1999/03/16 v1.09 sin cos tan (DPC)
)
(/etc/texmf/tex/latex/config/graphics.cfg
File: graphics.cfg 2009/08/28 v1.8 graphics configuration of TeX Live
)
Package graphics Info: Driver file: dvips.def on input line 91.

(/usr/share/texmf-texlive/tex/latex/graphics/dvips.def
File: dvips.def 1999/02/16 v3.0i Driver-dependant file (DPC,SPQR)
))
\Gin@req@height=\dimen103
\Gin@req@width=\dimen104
) (aux/novel.aux)
\openout1 = `novel.aux'.

LaTeX Font Info:    Checking defaults for OML/cmm/m/it on input line 5.
LaTeX Font Info:    ... okay on input line 5.
LaTeX Font Info:    Checking defaults for T1/cmr/m/n on input line 5.
LaTeX Font Info:    ... okay on input line 5.
LaTeX Font Info:    Checking defaults for OT1/cmr/m/n on input line 5.
LaTeX Font Info:    ... okay on input line 5.
LaTeX Font Info:    Checking defaults for OMS/cmsy/m/n on input line 5.
LaTeX Font Info:    ... okay on input line 5.
LaTeX Font Info:    Checking defaults for OMX/cmex/m/n on input line 5.
LaTeX Font Info:    ... okay on input line 5.
LaTeX Font Info:    Checking defaults for U/cmr/m/n on input line 5.
LaTeX Font Info:    ... okay on input line 5.
File: joker3.png Graphic file (type eps)

<joker3.png>
Overfull \hbox (257.2522pt too wide) in paragraph at lines 28--30
 [] 
 []

[1


]
File: slashdiv.eps Graphic file (type eps)
 <slashdiv.eps>
File: yydiv.eps Graphic file (type eps)
 <yydiv.eps> [1

]
Chapter 1.
File: ulcorner1.eps Graphic file (type eps)
<ulcorner1.eps> [2

] [3]
Chapter 2.
File: ulcorner1.eps Graphic file (type eps)
<ulcorner1.eps>
LaTeX Font Info:    External font `cmex10' loaded for size
(Font)              <7> on input line 194.
LaTeX Font Info:    External font `cmex10' loaded for size
(Font)              <5> on input line 194.
 [4

] [5]
Chapter 3.
File: ulcorner1.eps Graphic file (type eps)
<ulcorner1.eps> [6

] [7]
Chapter 4.
File: ulcorner1.eps Graphic file (type eps)
<ulcorner1.eps> [8

] [9]
Chapter 5.
File: ulcorner1.eps Graphic file (type eps)
<ulcorner1.eps>
Overfull \hbox (0.38026pt too wide) in paragraph at lines 496--498
[]\OT1/cmr/m/n/10 ``If that's the case,'' chor-tled Judge, ``Kafka should've ha
nged him-self. Prefer-
 []

[10

] [11] [12]
Chapter 6.
File: ulcorner1.eps Graphic file (type eps)
<ulcorner1.eps> [13

]
Overfull \hbox (1.03653pt too wide) in paragraph at lines 671--674
[]\OT1/cmr/m/n/10 ``Stop!'' cried the chief, boil-ing with rage. ``Never have I
 heard such damnable
 []

[14] [15

]
Chapter 7.
File: ulcorner1.eps Graphic file (type eps)
<ulcorner1.eps> [16

] [17] [18]
Chapter 8.
File: ulcorner1.eps Graphic file (type eps)
<ulcorner1.eps> [19

] [20]
File: yydiv.eps Graphic file (type eps)
 <yydiv.eps>
File: slashdiv.eps Graphic file (type eps)
 <slashdiv.eps> [21

]
Chapter 9.
File: ulcorner1.eps Graphic file (type eps)
<ulcorner1.eps> [22

] [23]
Chapter 10.
File: ulcornerstenotebook.eps Graphic file (type eps)
<ulcornerstenotebook.eps> [24

] [25] [26]
Chapter 11.
File: ulcorner1.eps Graphic file (type eps)
<ulcorner1.eps> [27

]
Chapter 12.
File: ulcorner1.eps Graphic file (type eps)
<ulcorner1.eps> [28

]
Chapter 13.
File: ulcorner1.eps Graphic file (type eps)
<ulcorner1.eps> [29

] [30]
Chapter 14.
File: ulcornerjudgedream.eps Graphic file (type eps)
<ulcornerjudgedream.eps> [31

] [32]
Chapter 15.
File: ulcorner1.eps Graphic file (type eps)
<ulcorner1.eps> [33

] [34] [35]
Chapter 16.
[36

] [37] (aux/novel.aux) ) 
Here is how much of TeX's memory you used:
 565 strings out of 495062
 6630 string characters out of 1182644
 59943 words of memory out of 3000000
 3795 multiletter control sequences out of 15000+50000
 5849 words of font info for 21 fonts, out of 3000000 for 9000
 28 hyphenation exceptions out of 8191
 25i,7n,19p,208b,197s stack positions out of 5000i,500n,10000p,200000b,50000s

Output written on aux/novel.dvi (38 pages, 99800 bytes).
